0 info it worked if it ends with ok
1 verbose cli [ '/usr/local/Cellar/node/8.2.1/bin/node',
1 verbose cli   '/usr/local/bin/npm',
1 verbose cli   'start' ]
2 info using npm@4.1.2
3 info using node@v8.2.1
4 verbose config Skipping project config: /Users/vonettastevenson/.npmrc. (matches userconfig)
5 verbose stack Error: ENOENT: no such file or directory, open '/Users/vonettastevenson/package.json'
6 verbose cwd /Users/vonettastevenson/Documents/web_dev/spare
7 error Darwin 17.5.0
8 error argv "/usr/local/Cellar/node/8.2.1/bin/node" "/usr/local/bin/npm" "start"
9 error node v8.2.1
10 error npm  v4.1.2
11 error path /Users/vonettastevenson/package.json
12 error code ENOENT
13 error errno -2
14 error syscall open
15 error enoent ENOENT: no such file or directory, open '/Users/vonettastevenson/package.json'
16 error enoent ENOENT: no such file or directory, open '/Users/vonettastevenson/package.json'
16 error enoent This is most likely not a problem with npm itself
16 error enoent and is related to npm not being able to find a file.
17 verbose exit [ -2, true ]
